<?xml version="1.0" encoding="UTF-8"?>
<!-- Generated by org.testng.reporters.JUnitReportReporter -->
<testsuite hostname="GAL000485" failures="0" tests="1" name="com.project.testcases.LoggedOutUserTest" time="0.279" errors="0" timestamp="2021-11-19T12:33:23 IST" skipped="0">
  <testcase classname="com.project.testcases.LoggedOutUserTest" name="clickTrackValidateUrl" time="0.279"/>
  <system-out/>
</testsuite> <!-- com.project.testcases.LoggedOutUserTest -->
