<?xml version="1.0" encoding="UTF-8"?>
<!-- Generated by org.testng.reporters.JUnitReportReporter -->
<testsuite hostname="GAL000485" failures="0" tests="4" name="com.project.testcases.ElectronicsPageTest" time="0.904" errors="0" timestamp="2021-11-19T12:33:23 IST" skipped="0">
  <testcase classname="com.project.testcases.ElectronicsPageTest" name="elecCatAccess" time="0.381"/>
  <system-out/>
  <testcase classname="com.project.testcases.ElectronicsPageTest" name="elecMobilesAccess" time="0.254"/>
  <system-out/>
  <testcase classname="com.project.testcases.ElectronicsPageTest" name="prodImagePresent" time="0.071"/>
  <system-out/>
  <testcase classname="com.project.testcases.ElectronicsPageTest" name="addToWishlist" time="0.198"/>
  <system-out/>
</testsuite> <!-- com.project.testcases.ElectronicsPageTest -->
