<?xml version="1.0" encoding="UTF-8"?>
<!-- Generated by org.testng.reporters.JUnitReportReporter -->
<testsuite hostname="GAL000485" failures="0" tests="4" name="com.project.testcases.LoginPageTest" time="7.168" errors="0" timestamp="2021-11-19T12:33:23 IST" skipped="0">
  <testcase classname="com.project.testcases.LoginPageTest" name="loginWithValidCredentials" time="6.091"/>
  <system-out/>
  <testcase classname="com.project.testcases.LoginPageTest" name="loginWithInvalidUserid" time="0.344"/>
  <system-out/>
  <testcase classname="com.project.testcases.LoginPageTest" name="loginWithInvalidPassword" time="0.410"/>
  <system-out/>
  <testcase classname="com.project.testcases.LoginPageTest" name="loginWithInvalidUseridOrPassword" time="0.323"/>
  <system-out/>
</testsuite> <!-- com.project.testcases.LoginPageTest -->
