<?xml version="1.0" encoding="UTF-8"?>
<!-- Generated by org.testng.reporters.JUnitReportReporter -->
<testsuite hostname="GAL000485" failures="0" tests="4" name="com.project.testcases.BooksPageTest" time="0.853" errors="0" timestamp="2021-11-19T12:33:23 IST" skipped="0">
  <testcase classname="com.project.testcases.BooksPageTest" name="booksCatAccess" time="0.519"/>
  <system-out/>
  <testcase classname="com.project.testcases.BooksPageTest" name="booksComicsAccess" time="0.176"/>
  <system-out/>
  <testcase classname="com.project.testcases.BooksPageTest" name="addBookTocart" time="0.142"/>
  <system-out/>
  <testcase classname="com.project.testcases.BooksPageTest" name="simpleAlert" time="0.016"/>
  <system-out/>
</testsuite> <!-- com.project.testcases.BooksPageTest -->
