<?xml version="1.0" encoding="UTF-8"?>
<!-- Generated by org.testng.reporters.JUnitReportReporter -->
<testsuite hostname="GAL000485" failures="0" tests="4" name="com.project.testcases.FashionPageTest" time="0.815" errors="0" timestamp="2021-11-19T12:33:23 IST" skipped="0">
  <testcase classname="com.project.testcases.FashionPageTest" name="fashionCatAccess" time="0.385"/>
  <system-out/>
  <testcase classname="com.project.testcases.FashionPageTest" name="fashionFootwearAccess" time="0.213"/>
  <system-out/>
  <testcase classname="com.project.testcases.FashionPageTest" name="checkProductRating" time="0.154"/>
  <system-out/>
  <testcase classname="com.project.testcases.FashionPageTest" name="checkMrp" time="0.063"/>
  <system-out/>
</testsuite> <!-- com.project.testcases.FashionPageTest -->
